Loading database ...
Time to load database: 3.773810863494873
Features and predictions for training...:

-  ae1_frp
-  ae3_frp
-  me1_frp
-  me3_frp
-  fo_booster_13

Date:  171106
Time:  14:46:54
Training with TPOT ....  gen_50gen_50eng_13_frp_predictor_171106_171106
Generation 1 - Current best internal CV score: 0.011371553660277617
Generation 2 - Current best internal CV score: 0.011195923957711008
Generation 3 - Current best internal CV score: 0.011195923957711008
Generation 4 - Current best internal CV score: 0.011195923957711008
Generation 5 - Current best internal CV score: 0.011195923957711008
Generation 6 - Current best internal CV score: 0.011195923957711008
Generation 7 - Current best internal CV score: 0.011174337063598327
Generation 8 - Current best internal CV score: 0.01111315127564946
Generation 9 - Current best internal CV score: 0.01111315127564946
Generation 10 - Current best internal CV score: 0.01111315127564946
Generation 11 - Current best internal CV score: 0.01111315127564946
Generation 12 - Current best internal CV score: 0.01111315127564946
Generation 13 - Current best internal CV score: 0.01111315127564946
Generation 14 - Current best internal CV score: 0.01111315127564946
Generation 15 - Current best internal CV score: 0.01111315127564946
Generation 16 - Current best internal CV score: 0.01111315127564946
Generation 17 - Current best internal CV score: 0.01111315127564946
Generation 18 - Current best internal CV score: 0.01111315127564946
Generation 19 - Current best internal CV score: 0.011110424272569228
Generation 20 - Current best internal CV score: 0.011099112344754842
Generation 21 - Current best internal CV score: 0.011099112344754842
Generation 22 - Current best internal CV score: 0.011099112344754842
Generation 23 - Current best internal CV score: 0.011099112344754842
Generation 24 - Current best internal CV score: 0.011099112344754842
Generation 25 - Current best internal CV score: 0.011099112344754842
Generation 26 - Current best internal CV score: 0.011099112344754842
Generation 27 - Current best internal CV score: 0.011086631422276417
Generation 28 - Current best internal CV score: 0.011086631422276417
Generation 29 - Current best internal CV score: 0.011086631422276417
Generation 30 - Current best internal CV score: 0.011086631422276417
Generation 31 - Current best internal CV score: 0.011086631422276417
Generation 32 - Current best internal CV score: 0.011086631422276417
Generation 33 - Current best internal CV score: 0.011086631422276417
Generation 34 - Current best internal CV score: 0.011086631422276417
Generation 35 - Current best internal CV score: 0.011086631422276417
Generation 36 - Current best internal CV score: 0.011086631422276417
Generation 37 - Current best internal CV score: 0.011086631422276417
Generation 38 - Current best internal CV score: 0.011086631422276417
Generation 39 - Current best internal CV score: 0.011086631422276417
Generation 40 - Current best internal CV score: 0.011086631422276417
Generation 41 - Current best internal CV score: 0.011086631422276417
Generation 42 - Current best internal CV score: 0.011086631422276417
Generation 43 - Current best internal CV score: 0.011086500271025578
Generation 44 - Current best internal CV score: 0.011086500271025578
Generation 45 - Current best internal CV score: 0.011086102908766481
Generation 46 - Current best internal CV score: 0.011086102908766481
Generation 47 - Current best internal CV score: 0.011081183186879015
Generation 48 - Current best internal CV score: 0.011081183186879015
Generation 49 - Current best internal CV score: 0.011081183186879015
Generation 50 - Current best internal CV score: 0.011081183186879015

Best pipeline: ExtraTreesRegressor(PolynomialFeatures(RobustScaler(input_matrix), degree=2, include_bias=False, interaction_only=False), bootstrap=False, max_features=0.4, min_samples_leaf=3, min_samples_split=8, n_estimators=100)
0.0109840601237
Time to train...: 10287.058102607727
Saving the model ...
gen_50gen_50eng_13_frp_predictor_171106_171106  saved ... 
Features and predictions for training...:

-  ae2_frp
-  ae4_frp
-  me2_frp
-  me4_frp
-  fo_booster_24

Date:  171106
Time:  17:38:21
Training with TPOT ....  gen_50gen_50eng24_frp_predictor_171106_171106
Generation 1 - Current best internal CV score: 0.012650739490226473
Generation 2 - Current best internal CV score: 0.012650739490226473
Generation 3 - Current best internal CV score: 0.012650739490226473
Generation 4 - Current best internal CV score: 0.01255643559470486
Generation 5 - Current best internal CV score: 0.012543901433605098
Generation 6 - Current best internal CV score: 0.012543901433605098
Generation 7 - Current best internal CV score: 0.012525679222986188
Generation 8 - Current best internal CV score: 0.012483455791214657
Generation 9 - Current best internal CV score: 0.012409721545145143
Generation 10 - Current best internal CV score: 0.012407223333206102
Generation 11 - Current best internal CV score: 0.012407223333206102
Generation 12 - Current best internal CV score: 0.012398718182707063
Generation 13 - Current best internal CV score: 0.012392483526548464
Generation 14 - Current best internal CV score: 0.01235558766278468
Generation 15 - Current best internal CV score: 0.01235558766278468
Generation 16 - Current best internal CV score: 0.012341198236440728
Generation 17 - Current best internal CV score: 0.012285575541043137
Generation 18 - Current best internal CV score: 0.012285575541043137
Generation 19 - Current best internal CV score: 0.012285575541043137
Generation 20 - Current best internal CV score: 0.012285575541043137
Generation 21 - Current best internal CV score: 0.012245565646159938
Generation 22 - Current best internal CV score: 0.012203475208386366
Generation 23 - Current best internal CV score: 0.012203475208386366
Generation 24 - Current best internal CV score: 0.012203475208386366
Generation 25 - Current best internal CV score: 0.012203475208386366
Generation 26 - Current best internal CV score: 0.012162566347334114
Generation 27 - Current best internal CV score: 0.012162566347334114
Generation 28 - Current best internal CV score: 0.012162566347334114
Generation 29 - Current best internal CV score: 0.012162566347334114
Generation 30 - Current best internal CV score: 0.012162566347334114
Generation 31 - Current best internal CV score: 0.012162566347334114
Generation 32 - Current best internal CV score: 0.012162566347334114
Generation 33 - Current best internal CV score: 0.012162566347334114
Generation 34 - Current best internal CV score: 0.012162566347334114
Generation 35 - Current best internal CV score: 0.012162566347334114
Generation 36 - Current best internal CV score: 0.012162566347334114
Generation 37 - Current best internal CV score: 0.012162566347334114
Generation 38 - Current best internal CV score: 0.012162566347334114
Generation 39 - Current best internal CV score: 0.01215913858342393
Generation 40 - Current best internal CV score: 0.01215913858342393
Generation 41 - Current best internal CV score: 0.01215913858342393
Generation 42 - Current best internal CV score: 0.01215913858342393
Generation 43 - Current best internal CV score: 0.01215913858342393
Generation 44 - Current best internal CV score: 0.01215913858342393
Generation 45 - Current best internal CV score: 0.01215913858342393
Generation 46 - Current best internal CV score: 0.01215913858342393
Generation 47 - Current best internal CV score: 0.01215913858342393
Generation 48 - Current best internal CV score: 0.012156814002618088
Generation 49 - Current best internal CV score: 0.012156814002618088
Generation 50 - Current best internal CV score: 0.012156814002618088

Best pipeline: ExtraTreesRegressor(MinMaxScaler(ZeroCount(StandardScaler(input_matrix))), bootstrap=False, max_features=0.6, min_samples_leaf=1, min_samples_split=12, n_estimators=100)
0.0109956056624
Time to train...: 9435.044004440308
Saving the model ...
gen_50gen_50eng24_frp_predictor_171106_171106  saved ... 
