Loading database ...
Time to load database: 1.717440128326416
Training... test ... gen_50_rpm_predictor_171103
Features and predictions for training 1:

Engine 1_3:
-  ae1_rpm
-  ae3_rpm
-  me1_rpm
-  me3_rpm
-  fo_booster_13

Engine 2_4:
-  ae2_rpm
-  ae4_rpm
-  me2_rpm
-  me4_rpm
-  fo_booster_24

Date:  171103
Time:  16:03:22
Training with TPOT engine pair 1.... gen_50_rpm_predictor_171103
Generation 1 - Current best internal CV score: 0.014026979778871468
Generation 2 - Current best internal CV score: 0.014026979778871468
Generation 3 - Current best internal CV score: 0.013873701791160514
Generation 4 - Current best internal CV score: 0.013873701791160514
Generation 5 - Current best internal CV score: 0.013873701791160514
Generation 6 - Current best internal CV score: 0.013873701791160514
Generation 7 - Current best internal CV score: 0.013873701791160514
Generation 8 - Current best internal CV score: 0.01386046659910425
Generation 9 - Current best internal CV score: 0.013829517422310289
Generation 10 - Current best internal CV score: 0.013829517422310289
Generation 11 - Current best internal CV score: 0.013829517422310289
Generation 12 - Current best internal CV score: 0.013829517422310289
Generation 13 - Current best internal CV score: 0.013825736456369133
Generation 14 - Current best internal CV score: 0.013825736456369133
Generation 15 - Current best internal CV score: 0.013825736456369133
Generation 16 - Current best internal CV score: 0.0138086654009589
Generation 17 - Current best internal CV score: 0.013797522735906748
Generation 18 - Current best internal CV score: 0.013797522735906748
Generation 19 - Current best internal CV score: 0.013797522735906748
Generation 20 - Current best internal CV score: 0.013797522735906748
Generation 21 - Current best internal CV score: 0.013797522735906748
Generation 22 - Current best internal CV score: 0.013797522735906748
Generation 23 - Current best internal CV score: 0.013782076026768775
Generation 24 - Current best internal CV score: 0.013782076026768775
Generation 25 - Current best internal CV score: 0.01377259736246666
Generation 26 - Current best internal CV score: 0.01377259736246666
Generation 27 - Current best internal CV score: 0.01377259736246666
Generation 28 - Current best internal CV score: 0.01377259736246666
Generation 29 - Current best internal CV score: 0.01377259736246666
Generation 30 - Current best internal CV score: 0.01376231707572631
Generation 31 - Current best internal CV score: 0.01376231707572631
Generation 32 - Current best internal CV score: 0.01376231707572631
Generation 33 - Current best internal CV score: 0.01376231707572631
Generation 34 - Current best internal CV score: 0.01376231707572631
Generation 35 - Current best internal CV score: 0.01376231707572631
Generation 36 - Current best internal CV score: 0.013759297402348838
Generation 37 - Current best internal CV score: 0.013759297402348838
Generation 38 - Current best internal CV score: 0.013759297402348838
Generation 39 - Current best internal CV score: 0.013759297402348838
Generation 40 - Current best internal CV score: 0.013759297402348838
Generation 41 - Current best internal CV score: 0.013759297402348838
Generation 42 - Current best internal CV score: 0.013759297402348838
Generation 43 - Current best internal CV score: 0.013757267996869892
Generation 44 - Current best internal CV score: 0.013757267996869892
Generation 45 - Current best internal CV score: 0.013757267996869892
Generation 46 - Current best internal CV score: 0.013752355184027823
Generation 47 - Current best internal CV score: 0.013752355184027823
Generation 48 - Current best internal CV score: 0.013752355184027823
Generation 49 - Current best internal CV score: 0.013752355184027823
Generation 50 - Current best internal CV score: 0.013752355184027823

Best pipeline: GradientBoostingRegressor(ZeroCount(ZeroCount(OneHotEncoder(ElasticNetCV(PolynomialFeatures(input_matrix, degree=2, include_bias=False, interaction_only=False), l1_ratio=0.35, tol=1e-05), minimum_fraction=0.1, sparse=False))), alpha=0.99, learning_rate=0.1, loss=huber, max_depth=8, max_features=0.2, min_samples_leaf=19, min_samples_split=15, n_estimators=100, subsample=1.0)
0.014152111099
Time to train...: 12693.185552835464
Saving the model ...
gen_50_rpm_predictor_171103  saved ... 
Training with TPOT engine pair 2.... gen_50_rpm_predictor_171103
Generation 1 - Current best internal CV score: 0.01455195961640239
Generation 2 - Current best internal CV score: 0.014490568653255315
Generation 3 - Current best internal CV score: 0.014490568653255315
Generation 4 - Current best internal CV score: 0.014490568653255315
Generation 5 - Current best internal CV score: 0.014434675370358249
Generation 6 - Current best internal CV score: 0.014434675370358249
Generation 7 - Current best internal CV score: 0.014355442245444303
Generation 8 - Current best internal CV score: 0.014355442245444303
Generation 9 - Current best internal CV score: 0.014330328512361929
Generation 10 - Current best internal CV score: 0.014330328512361929
Generation 11 - Current best internal CV score: 0.014330328512361929
Generation 12 - Current best internal CV score: 0.014314655245908584
Generation 13 - Current best internal CV score: 0.014290621049874743
Generation 14 - Current best internal CV score: 0.014290621049874743
Generation 15 - Current best internal CV score: 0.014283505554177988
Generation 16 - Current best internal CV score: 0.014283505554177988
Generation 17 - Current best internal CV score: 0.014263074313202145
Generation 18 - Current best internal CV score: 0.014263074313202145
Generation 19 - Current best internal CV score: 0.014263074313202145
Generation 20 - Current best internal CV score: 0.014255012216904468
Generation 21 - Current best internal CV score: 0.014233881283676341
Generation 22 - Current best internal CV score: 0.014233881283676341
Generation 23 - Current best internal CV score: 0.014233408088182953
Generation 24 - Current best internal CV score: 0.014220724149205815
Generation 25 - Current best internal CV score: 0.014218537260739772
Generation 26 - Current best internal CV score: 0.01421670059782514
Generation 27 - Current best internal CV score: 0.01421670059782514
Generation 28 - Current best internal CV score: 0.014210122553780674
Generation 29 - Current best internal CV score: 0.014210122553780674
Generation 30 - Current best internal CV score: 0.014210122553780674
Generation 31 - Current best internal CV score: 0.014210122553780674
Generation 32 - Current best internal CV score: 0.014210122553780674
Generation 33 - Current best internal CV score: 0.01420203096319081
Generation 34 - Current best internal CV score: 0.01420203096319081
Generation 35 - Current best internal CV score: 0.01420203096319081
Generation 36 - Current best internal CV score: 0.01420203096319081
Generation 37 - Current best internal CV score: 0.014196590399761195
Generation 38 - Current best internal CV score: 0.014196590399761195
Generation 39 - Current best internal CV score: 0.014193535874349336
Generation 40 - Current best internal CV score: 0.014193535874349336
Generation 41 - Current best internal CV score: 0.014193535874349336
Generation 42 - Current best internal CV score: 0.014193535874349336
Generation 43 - Current best internal CV score: 0.014193535874349336
Generation 44 - Current best internal CV score: 0.014193535874349336
Generation 45 - Current best internal CV score: 0.014193535874349336
Generation 46 - Current best internal CV score: 0.014193535874349336
Generation 47 - Current best internal CV score: 0.014193535874349336
Generation 48 - Current best internal CV score: 0.0141909620121556
Generation 49 - Current best internal CV score: 0.0141909620121556
Generation 50 - Current best internal CV score: 0.0141909620121556

Best pipeline: ExtraTreesRegressor(SelectPercentile(CombineDFs(XGBRegressor(input_matrix, learning_rate=0.01, max_depth=4, min_child_weight=19, n_estimators=100, nthread=1, subsample=0.85), ElasticNetCV(PCA(XGBRegressor(input_matrix, learning_rate=1.0, max_depth=4, min_child_weight=19, n_estimators=100, nthread=1, subsample=0.2), iterated_power=5, svd_solver=randomized), l1_ratio=0.15, tol=0.001)), percentile=94), bootstrap=False, max_features=0.55, min_samples_leaf=4, min_samples_split=11, n_estimators=100)
0.0130316789761
Time to train...: 11491.903166294098
Saving the model ...
gen_50_rpm_predictor_171103  saved ... 
